-------------------------------------------------------------------------------
Test set: eureka.discovey.client.EurekaDiscoveyClientApplicationTests
-------------------------------------------------------------------------------
Tests run: 1, Failures: 0, Errors: 1, Skipped: 0, Time elapsed: 0.453 s <<< FAILURE! - in eureka.discovey.client.EurekaDiscoveyClientApplicationTests
eureka.discovey.client.EurekaDiscoveyClientApplicationTests  Time elapsed: 0.452 s  <<< ERROR!
java.lang.IllegalStateException: Unable to find a @SpringBootConfiguration, you need to use @ContextConfiguration or @SpringBootTest(classes=...) with your test

